{
  "stats": {
    "suites": 1,
    "tests": 4,
    "passes": 2,
    "pending": 1,
    "failures": 1,
    "start": "2025-08-13T07:55:05.934Z",
    "end": "2025-08-13T07:55:30.929Z",
    "duration": 24995,
    "testsRegistered": 4,
    "passPercent": 66.66666666666666,
    "pendingPercent": 25,
    "other": 1,
    "hasOther": true,
    "skipped": 0,
    "hasSkipped": false
  },
  "results": [
    {
      "uuid": "6713f6ff-2caa-4535-87fa-f4ed5374bb63",
      "title": "",
      "fullFile": "D:\\QA-digital.skola\\sesi10\\tugas-sesi-10\\test\\sesi-11\\test_sauce11.js",
      "file": "\\test\\sesi-11\\test_sauce11.js",
      "beforeHooks": [],
      "afterHooks": [],
      "tests": [],
      "suites": [
        {
          "uuid": "d81a0e24-2a4a-451b-baef-62b598763e5c",
          "title": "Google Search Test",
          "fullFile": "D:\\QA-digital.skola\\sesi10\\tugas-sesi-10\\test\\sesi-11\\test_sauce11.js",
          "file": "\\test\\sesi-11\\test_sauce11.js",
          "beforeHooks": [],
          "afterHooks": [
            {
              "title": "\"after each\" hook for \"Tambahkan item baru ke cart\"",
              "fullTitle": "Google Search Test \"after each\" hook for \"Tambahkan item baru ke cart\"",
              "timedOut": false,
              "duration": 0,
              "state": "failed",
              "speed": null,
              "pass": false,
              "fail": true,
              "pending": false,
              "context": null,
              "code": "if (this.currentTest.state === 'failed') {\n    let ss_full = await driver.takeScreenshot();\n    fs.writeFileSync(\"ss failed: \" + this.currentTest.title + \".png\", Buffer.from(ss_full, \"base64\")); // Or your desired path\n}",
              "err": {
                "message": "NoSuchSessionError: This driver instance does not have a valid session ID (did you call WebDriver.quit()?) and may no longer be used.",
                "estack": "NoSuchSessionError: This driver instance does not have a valid session ID (did you call WebDriver.quit()?) and may no longer be used.\n    at D:\\QA-digital.skola\\sesi10\\tugas-sesi-10\\node_modules\\selenium-webdriver\\lib\\webdriver.js:776:9\n    at Object.thenFinally [as finally] (node_modules\\selenium-webdriver\\lib\\promise.js:101:12)\n    at process.processTicksAndRejections (node:internal/process/task_queues:105:5)\n    at async Context.<anonymous> (file:///D:/QA-digital.skola/sesi10/tugas-sesi-10/test/sesi-11/test_sauce11.js:23:9)",
                "diff": null
              },
              "uuid": "4195b490-66df-4a08-8165-dccfc4c8fefa",
              "parentUUID": "d81a0e24-2a4a-451b-baef-62b598763e5c",
              "isHook": true,
              "skipped": false
            },
            {
              "title": "\"after each\" hook in \"Google Search Test\"",
              "fullTitle": "Google Search Test \"after each\" hook in \"Google Search Test\"",
              "timedOut": false,
              "duration": 64,
              "state": null,
              "speed": null,
              "pass": false,
              "fail": false,
              "pending": false,
              "context": null,
              "code": "console.log(\"Semua case telah keluar\")\nawait driver.quit()",
              "err": {},
              "uuid": "0709c4a2-9947-439c-8a26-39c664804813",
              "parentUUID": "d81a0e24-2a4a-451b-baef-62b598763e5c",
              "isHook": true,
              "skipped": false
            }
          ],
          "tests": [
            {
              "title": "Visit SauceDemo dan cek page title",
              "fullTitle": "Google Search Test Visit SauceDemo dan cek page title",
              "timedOut": false,
              "duration": 22441,
              "state": "passed",
              "speed": "slow",
              "pass": true,
              "fail": false,
              "pending": false,
              "context": null,
              "code": "let options = new chrome.Options();\ndriver = await new Builder().forBrowser('chrome').build();\n// driver = await new Builder().forBrowser('chrome').build();\nawait driver.get('https://www.saucedemo.com');\nconst title = await driver.getTitle();\n// assert: memastikan object sama persis\nassert.strictEqual(title, 'Swag Labs');\n// inputs\nlet inputUsername = await driver.findElement(page_login.inputUsername)\nlet inputPassword = await driver.findElement(page_login.inputPassword)\nlet buttonLogin = await driver.findElement(page_login.buttonLogin)\nawait inputUsername.sendKeys('standard_user')\nawait inputPassword.sendKeys('secret_sauce')\nawait buttonLogin.click()\n\n// tunggu element tampil\nlet buttonCart = await driver.wait(\n    until.elementLocated(By.xpath('//*[@data-test=\"shopping-cart-link\"]')), \n    10000\n);\nawait driver.wait(until.elementIsVisible(buttonCart), 5000, 'Shopping cart harus tampil');\n\n// assert: elememt ada\nawait buttonCart.isDisplayed()\n// assert: text dalam element benar\nlet textAppLogo = await driver.findElement(By.className('app_logo'))\nlet logotext = await textAppLogo.getText()\nassert.strictEqual(logotext, 'Swag Labs')\nawait driver.sleep(1700)",
              "err": {},
              "uuid": "5b5b325f-0f75-4a7b-b636-da57761662b1",
              "parentUUID": "d81a0e24-2a4a-451b-baef-62b598763e5c",
              "isHook": false,
              "skipped": false
            },
            {
              "title": "Visit SauceDemo dan cek page title",
              "fullTitle": "Google Search Test Visit SauceDemo dan cek page title",
              "timedOut": false,
              "duration": 0,
              "state": "pending",
              "speed": null,
              "pass": false,
              "fail": false,
              "pending": true,
              "context": null,
              "code": "",
              "err": {},
              "uuid": "d9ab5971-1ae0-4cfe-8ccb-3b4128abcabe",
              "parentUUID": "d81a0e24-2a4a-451b-baef-62b598763e5c",
              "isHook": false,
              "skipped": false
            },
            {
              "title": "Cek Visual halaman login",
              "fullTitle": "Google Search Test Cek Visual halaman login",
              "timedOut": false,
              "duration": 2367,
              "state": "passed",
              "speed": "slow",
              "pass": true,
              "fail": false,
              "pending": false,
              "context": null,
              "code": "// visit page\ndriver = await new Builder().forBrowser('chrome').build();\nawait driver.get('https://www.saucedemo.com');\nconst title = await driver.getTitle();\nassert.strictEqual(title, 'Swag Labs');\n// screenshot keadaan login page sekarang, current.png\nlet screenshot = await driver.takeScreenshot();\nlet imgBuffer = Buffer.from(screenshot, \"base64\");\nfs.writeFileSync(\"current.png\", imgBuffer);\n// ambil baseline untuk komparasi\n// jika belum ada baseline, jadikan current.png sebagai baseline\nif (!fs.existsSync(\"baseline.png\")) {\n    fs.copyFileSync(\"current.png\", \"baseline.png\");\n    console.log(\"Baseline image saved.\");\n}\n// Compare baseline.png dan current.png apakah sama\nlet img1 = PNG.sync.read(fs.readFileSync(\"baseline.png\"));\nlet img2 = PNG.sync.read(fs.readFileSync(\"current.png\"));\nlet { width, height } = img1;\nlet diff = new PNG({ width, height });\nlet numDiffPixels = pixelmatch(img1.data, img2.data, diff.data, width, height, { threshold: 0.1 });\nfs.writeFileSync(\"diff.png\", PNG.sync.write(diff));\nif (numDiffPixels > 0) {\n    console.log(`Visual differences found! Pixels different: ${numDiffPixels}`);\n} else {\n    console.log(\"No visual differences found.\");\n}",
              "err": {},
              "uuid": "cb168894-40c3-4c15-8f67-d32125c794d1",
              "parentUUID": "d81a0e24-2a4a-451b-baef-62b598763e5c",
              "isHook": false,
              "skipped": false
            },
            {
              "title": "Tambahkan item baru ke cart",
              "fullTitle": "Google Search Test Tambahkan item baru ke cart",
              "timedOut": false,
              "duration": 1,
              "state": "failed",
              "speed": null,
              "pass": false,
              "fail": true,
              "pending": false,
              "context": null,
              "code": "option = new chrome.Options();\ndriver = await new Builder()\n.forBrowser('chrome')\n.build();\n    \nawait driver.get(\"https://www.saucedemo.com/\");\nconst title = await driver.getTitle();\n    \nassert.equal(title, \"Swag Labs\")\n    \nlet inputUsername = await driver.findElement(page_login.inputUsername);\nlet inputPassword = await driver.findElement(page_login.inputPassword);\nlet buttonLogin = await driver.findElement(page_login.buttonLogin)\n    \nawait inputUsername.sendKeys('standard_user');\nawait inputPassword.sendKeys('secret_sauce');\nawait buttonLogin.click()\n    \nlet addToCart = await driver.wait(\n    until.elementLocated(By.xpath('//*[@id=\"add-to-cart-sauce-labs-backpack\"]')), \n    10000\n);\nawait driver.wait(until.elementIsVisible(addToCart), 5000, 'Shopping cart harus tampil');\nawait addToCart.isDisplayed()\n    \nlet textAppLogo = await driver.findElement(By.className('app_logo'))\nlet logotext = await textAppLogo.getText()\nassert.equal(logotext, 'Swag Labs')\n    \nawait driver.sleep(1700)\n    \nlet addToCartButton = await driver.findElement(By.xpath('//*[@id=\"add-to-cart-sauce-labs-backpack\"]'))\nawait addToCartButton.click()\n    \nlet shoppingCart = await driver.findElement(By.xpath('//*[@data-test=\"shopping-cart-link\"]'))\nawait shoppingCart.click()\n    \nlet item1 = await driver.wait(\n    until.elementLocated(By.xpath('//*[@data-test=\"item-quantity\"]'))\n)\nawait driver.wait(until.elementIsVisible(item1), 5000, 'Tombol checkout harus tampil');\nawait item1.isDisplayed()",
              "err": {
                "message": "ReferenceError: option is not defined",
                "estack": "ReferenceError: option is not defined\n    at Context.<anonymous> (file:///D:/QA-digital.skola/sesi10/tugas-sesi-10/test/sesi-11/test_sauce11.js:123:20)\n    at process.processImmediate (node:internal/timers:485:21)",
                "diff": null
              },
              "uuid": "a470c8e7-444c-4f78-acf9-fc821993c3f5",
              "parentUUID": "d81a0e24-2a4a-451b-baef-62b598763e5c",
              "isHook": false,
              "skipped": false
            }
          ],
          "suites": [],
          "passes": [
            "5b5b325f-0f75-4a7b-b636-da57761662b1",
            "cb168894-40c3-4c15-8f67-d32125c794d1"
          ],
          "failures": [
            "a470c8e7-444c-4f78-acf9-fc821993c3f5"
          ],
          "pending": [
            "d9ab5971-1ae0-4cfe-8ccb-3b4128abcabe"
          ],
          "skipped": [],
          "duration": 24809,
          "root": false,
          "rootEmpty": false,
          "_timeout": 60000
        }
      ],
      "passes": [],
      "failures": [],
      "pending": [],
      "skipped": [],
      "duration": 0,
      "root": true,
      "rootEmpty": true,
      "_timeout": 60000
    }
  ],
  "meta": {
    "mocha": {
      "version": "10.8.2"
    },
    "mochawesome": {
      "options": {
        "quiet": false,
        "reportFilename": "mochawesome",
        "saveHtml": true,
        "saveJson": true,
        "consoleReporter": "spec",
        "useInlineDiffs": false,
        "code": true
      },
      "version": "7.1.3"
    },
    "marge": {
      "options": null,
      "version": "6.2.0"
    }
  }
}