{
  "stats": {
    "suites": 1,
    "tests": 2,
    "passes": 2,
    "pending": 0,
    "failures": 0,
    "start": "2025-08-07T07:25:31.015Z",
    "end": "2025-08-07T07:25:40.383Z",
    "duration": 9368,
    "testsRegistered": 2,
    "passPercent": 100,
    "pendingPercent": 0,
    "other": 0,
    "hasOther": false,
    "skipped": 0,
    "hasSkipped": false
  },
  "results": [
    {
      "uuid": "c78cf259-dbd1-4cd9-a954-7e12eebd5058",
      "title": "",
      "fullFile": "D:\\QA-digital.skola\\sesi10\\tugas-sesi-10\\test\\sesi-10\\test-sauce10.js",
      "file": "\\test\\sesi-10\\test-sauce10.js",
      "beforeHooks": [],
      "afterHooks": [],
      "tests": [],
      "suites": [
        {
          "uuid": "fee95b90-9b7f-4aef-86f7-4d8745345bf8",
          "title": "Tugas sesi 10",
          "fullFile": "D:\\QA-digital.skola\\sesi10\\tugas-sesi-10\\test\\sesi-10\\test-sauce10.js",
          "file": "\\test\\sesi-10\\test-sauce10.js",
          "beforeHooks": [],
          "afterHooks": [
            {
              "title": "\"after each\" hook in \"Tugas sesi 10\"",
              "fullTitle": "Tugas sesi 10 \"after each\" hook in \"Tugas sesi 10\"",
              "timedOut": false,
              "duration": 68,
              "state": null,
              "speed": null,
              "pass": false,
              "fail": false,
              "pending": false,
              "context": null,
              "code": "console.log(\"Semua test case telah keluar\")\nawait driver.quit()",
              "err": {},
              "uuid": "b39aa985-a966-4ea8-83e9-72d56a3e7865",
              "parentUUID": "fee95b90-9b7f-4aef-86f7-4d8745345bf8",
              "isHook": true,
              "skipped": false
            }
          ],
          "tests": [
            {
              "title": "Visit SauceDemo dan mengurutkan A sampai Z",
              "fullTitle": "Tugas sesi 10 Visit SauceDemo dan mengurutkan A sampai Z",
              "timedOut": false,
              "duration": 4915,
              "state": "passed",
              "speed": "slow",
              "pass": true,
              "fail": false,
              "pending": false,
              "context": null,
              "code": "options = new chrome.Options();\n// options.addArguments('--incognito'); // option ke chrome supaya gaada popup password nya\ndriver = await new Builder()\n    .forBrowser('chrome')\n    // .setChromeOptions(options)\n    .build();\nawait driver.get('https://www.saucedemo.com');\nconst title = await driver.getTitle();\n// assert: memastikan object sama persis\nassert.strictEqual(title, 'Swag Labs');\n // inputs\n let inputUsername = await driver.findElement(By.css('[data-test=\"username\"]'))\n let inputPassword = await driver.findElement(By.xpath('//*[@data-test=\"password\"]'))\n let buttonLogin = await driver.findElement(By.className('submit-button btn_action'))\n await inputUsername.sendKeys('standard_user')\n await inputPassword.sendKeys('secret_sauce')\n await buttonLogin.click()\n\n// tunggu element tampil\nlet buttonCart = await driver.wait(\n    until.elementLocated(By.xpath('//*[@data-test=\"shopping-cart-link\"]')), \n    10000\n);\nawait driver.wait(until.elementIsVisible(buttonCart), 5000, 'Shopping cart harus tampil');\n\n// assert: elememt ada\nawait buttonCart.isDisplayed()\n// assert: text dalam element benar\nlet textAppLogo = await driver.findElement(By.className('app_logo'))\nlet logotext = await textAppLogo.getText()\nassert.equal(logotext, 'Swag Labs')\nawait driver.sleep(1700)\n// dropdown search\nlet dropdownSort = await driver.findElement(By.xpath('//select[@class=\"product_sort_container\"]'))\nawait dropdownSort.click()\nlet option = await driver.findElement(By.xpath('//option[text()=\"Name (A to Z)\"]'));\nawait option.click();",
              "err": {},
              "uuid": "2eb17cac-e8e6-4724-b8c1-131ccec28554",
              "parentUUID": "fee95b90-9b7f-4aef-86f7-4d8745345bf8",
              "isHook": false,
              "skipped": false
            },
            {
              "title": "Tambahkan item baru ke cart",
              "fullTitle": "Tugas sesi 10 Tambahkan item baru ke cart",
              "timedOut": false,
              "duration": 4341,
              "state": "passed",
              "speed": "slow",
              "pass": true,
              "fail": false,
              "pending": false,
              "context": null,
              "code": "option = new chrome.Options();\ndriver = await new Builder()\n.forBrowser('chrome')\n.build();\nawait driver.get(\"https://www.saucedemo.com/\");\nconst title = await driver.getTitle();\nassert.equal(title, \"Swag Labs\")\nlet inputUsername = await driver.findElement(By.xpath('//*[@id=\"user-name\"]'));\nlet inputPassword = await driver.findElement(By.xpath('//*[@id=\"password\"]'));\nlet buttonLogin = await driver.findElement(By.xpath('//*[@id=\"login-button\"]'))\nawait inputUsername.sendKeys('standard_user');\nawait inputPassword.sendKeys('secret_sauce');\nawait buttonLogin.click()\nlet addToCart = await driver.wait(\n    until.elementLocated(By.xpath('//*[@id=\"add-to-cart-sauce-labs-backpack\"]')), \n    10000\n);\nawait driver.wait(until.elementIsVisible(addToCart), 5000, 'Shopping cart harus tampil');\nawait addToCart.isDisplayed()\nlet textAppLogo = await driver.findElement(By.className('app_logo'))\nlet logotext = await textAppLogo.getText()\nassert.equal(logotext, 'Swag Labs')\nawait driver.sleep(1700)\nlet addToCartButton = await driver.findElement(By.xpath('//*[@id=\"add-to-cart-sauce-labs-backpack\"]'))\nawait addToCartButton.click()\nlet shoppingCart = await driver.findElement(By.xpath('//*[@data-test=\"shopping-cart-link\"]'))\nawait shoppingCart.click()\nlet item1 = await driver.wait(\n    until.elementLocated(By.xpath('//*[@data-test=\"item-quantity\"]'))\n)\nawait driver.wait(until.elementIsVisible(item1), 5000, 'Tombol checkout harus tampil');\nawait item1.isDisplayed()",
              "err": {},
              "uuid": "13f0b413-9449-4a07-bba3-ec9a199ff2d2",
              "parentUUID": "fee95b90-9b7f-4aef-86f7-4d8745345bf8",
              "isHook": false,
              "skipped": false
            }
          ],
          "suites": [],
          "passes": [
            "2eb17cac-e8e6-4724-b8c1-131ccec28554",
            "13f0b413-9449-4a07-bba3-ec9a199ff2d2"
          ],
          "failures": [],
          "pending": [],
          "skipped": [],
          "duration": 9256,
          "root": false,
          "rootEmpty": false,
          "_timeout": 60000
        }
      ],
      "passes": [],
      "failures": [],
      "pending": [],
      "skipped": [],
      "duration": 0,
      "root": true,
      "rootEmpty": true,
      "_timeout": 60000
    }
  ],
  "meta": {
    "mocha": {
      "version": "10.8.2"
    },
    "mochawesome": {
      "options": {
        "quiet": false,
        "reportFilename": "mochawesome",
        "saveHtml": true,
        "saveJson": true,
        "consoleReporter": "spec",
        "useInlineDiffs": false,
        "code": true
      },
      "version": "7.1.3"
    },
    "marge": {
      "options": null,
      "version": "6.2.0"
    }
  }
}